{
  "RSpec": {
    "coverage": {
      "/home/magnus/projects/rails_demo_aug/spec/models/comment_spec.rb": [
        1,
        null,
        1,
        1,
        2,
        2,
        2,
        2,
        2,
        null,
        null,
        1,
        2,
        2,
        2,
        null,
        null
      ],
      "/home/magnus/projects/rails_demo_aug/spec/rails_helper.rb": [
        null,
        1,
        1,
        null,
        null,
        1,
        1,
        1,
        1,
        1,
        null,
        1,
        1,
        null,
        1,
        1,
        1,
        null,
        null,
        1,
        1,
        1,
        1,
        null,
        null
      ],
      "/home/magnus/projects/rails_demo_aug/config/environment.rb": [
        null,
        1,
        null,
        null,
        1
      ],
      "/home/magnus/projects/rails_demo_aug/config/application.rb": [
        1,
        null,
        1,
        null,
        1,
        1,
        1,
        1,
        1,
        1,
        1,
        1,
        null,
        null,
        null,
        null,
        1,
        null,
        1,
        1,
        null,
        1,
        1,
        1,
        1,
        1,
        1,
        1,
        null,
        null,
        null
      ],
      "/home/magnus/projects/rails_demo_aug/config/boot.rb": [
        1,
        null,
        1
      ],
      "/home/magnus/projects/rails_demo_aug/config/environments/test.rb": [
        1,
        null,
        null,
        null,
        null,
        null,
        null,
        1,
        null,
        null,
        null,
        null,
        1,
        null,
        null,
        1,
        1,
        null,
        null,
        null,
        null,
        1,
        1,
        null,
        null,
        1,
        null,
        null,
        1,
        1,
        null,
        null,
        null,
        null,
        1,
        null,
        null,
        1,
        null,
        null,
        null,
        null
      ],
      "/home/magnus/projects/rails_demo_aug/config/initializers/application_controller_renderer.rb": [
        null,
        null,
        null,
        null,
        null,
        null,
        null,
        null
      ],
      "/home/magnus/projects/rails_demo_aug/config/initializers/assets.rb": [
        null,
        null,
        null,
        1,
        null,
        null,
        null,
        null,
        1,
        null,
        null,
        null,
        null,
        null
      ],
      "/home/magnus/projects/rails_demo_aug/config/initializers/backtrace_silencers.rb": [
        null,
        null,
        null,
        null,
        null,
        null,
        null
      ],
      "/home/magnus/projects/rails_demo_aug/config/initializers/cookies_serializer.rb": [
        null,
        null,
        null,
        null,
        1
      ],
      "/home/magnus/projects/rails_demo_aug/config/initializers/filter_parameter_logging.rb": [
        null,
        null,
        null,
        1
      ],
      "/home/magnus/projects/rails_demo_aug/config/initializers/inflections.rb": [
        null,
        null,
        null,
        null,
        null,
        null,
        null,
        null,
        null,
        null,
        null,
        null,
        null,
        null,
        null,
        null
      ],
      "/home/magnus/projects/rails_demo_aug/config/initializers/mime_types.rb": [
        null,
        null,
        null,
        null
      ],
      "/home/magnus/projects/rails_demo_aug/config/initializers/wrap_parameters.rb": [
        null,
        null,
        null,
        null,
        null,
        null,
        1,
        1,
        null,
        null,
        null,
        null,
        null,
        null
      ],
      "/home/magnus/projects/rails_demo_aug/spec/factories/articles.rb": [
        1,
        1,
        1,
        1,
        null,
        null
      ],
      "/home/magnus/projects/rails_demo_aug/spec/factories/comments.rb": [
        1,
        1,
        1,
        1,
        1,
        null,
        null
      ],
      "/home/magnus/projects/rails_demo_aug/config/routes.rb": [
        1,
        1,
        1,
        1,
        1,
        null,
        1,
        null
      ],
      "/home/magnus/projects/rails_demo_aug/app/helpers/application_helper.rb": [
        1,
        null
      ],
      "/home/magnus/projects/rails_demo_aug/app/models/comment.rb": [
        1,
        1,
        1,
        1,
        1,
        null
      ],
      "/home/magnus/projects/rails_demo_aug/app/models/application_record.rb": [
        1,
        1,
        null
      ]
    },
    "timestamp": 1506241047
  }
}
